2024-10-09 13:24:09,097 - INFO - Starting TCRpegModel probability inference
2024-10-09 13:24:09,098 - INFO - Running parameters: {'input': 'sample_data/PLN-26-amTregs-TRB.csv', 'output': 'tmp_results', 'device': 'cpu', 'seq_col': 'sequence', 'count_col': 'label', 'id': 'id', 'word2vec_epochs': 1, 'epochs': 1, 'word2vec_batch_size': 100, 'word2vec_learning_rate': 0.0001, 'hidden_size': 128, 'num_layers': 5, 'batch_size': 100, 'learning_rate': 0.0001, 'test_size': 0.2, 'log': 'tcrpeg_p-infer.log'}
2024-10-09 13:24:09,098 - INFO - Loading data...
2024-10-09 13:24:11,145 - INFO - Data loaded from sample_data/PLN-26-amTregs-TRB.csv
2024-10-09 13:24:11,156 - INFO - Train size: 22189
2024-10-09 13:24:11,156 - INFO - Test size: 5548
2024-10-09 13:24:45,384 - INFO - Model training and inference completed successfully.
2024-10-09 19:33:29,906 - INFO - Starting TCRpegModel probability inference
2024-10-09 19:33:30,848 - INFO - Running parameters: {'input': 'sample_data//PLN-26-amTregs-TRB.csv', 'output': 'tmp_bash_results', 'device': 'cpu', 'seq_col': 'sequence', 'count_col': 'count', 'id': 'id', 'word2vec_epochs': 1, 'epochs': 2, 'word2vec_batch_size': 100, 'word2vec_learning_rate': 0.0001, 'hidden_size': 128, 'num_layers': 5, 'batch_size': 100, 'learning_rate': 0.0001, 'test_size': 0.2, 'log': 'tcrpeg_p-infer.log'}
2024-10-09 19:33:30,848 - INFO - Loading data...
2024-10-09 19:33:33,922 - INFO - Data loaded from sample_data//PLN-26-amTregs-TRB.csv
2024-10-09 19:33:33,936 - INFO - Train size: 22189
2024-10-09 19:33:33,936 - INFO - Test size: 5548
2024-10-09 19:34:12,398 - INFO - Model training and inference completed successfully.
2024-10-09 19:34:21,848 - INFO - Starting TCRpegModel probability inference
2024-10-09 19:34:21,849 - INFO - Running parameters: {'input': 'sample_data//PLN-26-amTregs-TRB.csv', 'output': 'tmp_bash_results', 'device': 'cpu', 'seq_col': 'sequence', 'count_col': 'count', 'id': 'id', 'word2vec_epochs': 1, 'epochs': 2, 'word2vec_batch_size': 100, 'word2vec_learning_rate': 0.0001, 'hidden_size': 128, 'num_layers': 5, 'batch_size': 100, 'learning_rate': 0.0001, 'test_size': 0.2, 'log': 'tcrpeg_p-infer.log'}
2024-10-09 19:34:21,849 - INFO - Loading data...
2024-10-09 19:34:21,858 - INFO - Data loaded from sample_data//PLN-26-amTregs-TRB.csv
2024-10-09 19:34:21,862 - INFO - Train size: 22189
2024-10-09 19:34:21,862 - INFO - Test size: 5548
